<?xml version="1.0" encoding="UTF-8"?>
<!-- Generated by org.testng.reporters.JUnitXMLReporter -->
<testsuite ignored="0" hostname="Lakshmi" failures="1" tests="1" name="QA" time="23.97" errors="0" timestamp="2023-02-07T18:14:09 IST">
  <testcase classname="scripts.TestLogin" name="testMethod" time="0.064">
    <failure type="java.lang.AssertionError" message="home pg not displayed">
      <![CDATA[java.lang.AssertionError: home pg not displayed
at scripts.TestLogin.testMethod(TestLogin.java:12)
at java.base/java.util.ArrayList.forEach(ArrayList.java:1511)
at java.base/java.util.concurrent.FutureTask.run(FutureTask.java:264)
at java.base/java.util.concurrent.ThreadPoolExecutor.runWorker(ThreadPoolExecutor.java:1136)
at java.base/java.util.concurrent.ThreadPoolExecutor$Worker.run(ThreadPoolExecutor.java:635)
at java.base/java.lang.Thread.run(Thread.java:833)
... Removed 18 stack frames]]>
    </failure>
  </testcase> <!-- testMethod -->
</testsuite> <!-- QA -->
