<?xml version="1.0" encoding="UTF-8"?>
<testng-results ignored="0" total="1" passed="1" failed="0" skipped="0">
  <reporter-output>
  </reporter-output>
  <suite started-at="2023-02-08T17:01:39 IST" name="Default suite" finished-at="2023-02-08T17:02:20 IST" duration-ms="41520">
    <groups>
    </groups>
    <test started-at="2023-02-08T17:01:39 IST" name="Default test" finished-at="2023-02-08T17:02:20 IST" duration-ms="41520">
      <class name="scripts.TestLogin">
        <test-method is-config="true" signature="createReport()[pri:0, instance:scripts.TestLogin@4593ff34]" started-at="2023-02-08T17:01:38 IST" name="createReport" finished-at="2023-02-08T17:01:39 IST" duration-ms="363" status="PASS">
          <reporter-output>
          </reporter-output>
        </test-method> <!-- createReport -->
        <test-method is-config="true" signature="initialSettings(java.lang.String,java.lang.reflect.Method)[pri:0, instance:scripts.TestLogin@4593ff34]" started-at="2023-02-08T17:01:39 IST" name="initialSettings" finished-at="2023-02-08T17:02:12 IST" duration-ms="33424" status="PASS">
          <params>
            <param index="0">
              <value>
                <![CDATA[base.properties]]>
              </value>
            </param>
            <param index="1">
              <value>
                <![CDATA[public void scripts.TestLogin.testMethod()]]>
              </value>
            </param>
          </params>
          <reporter-output>
          </reporter-output>
        </test-method> <!-- initialSettings -->
        <test-method signature="testMethod()[pri:0, instance:scripts.TestLogin@4593ff34]" started-at="2023-02-08T17:02:12 IST" name="testMethod" finished-at="2023-02-08T17:02:20 IST" duration-ms="8007" status="PASS">
          <reporter-output>
          </reporter-output>
        </test-method> <!-- testMethod -->
        <test-method is-config="true" signature="closeBrowser(org.testng.ITestResult)[pri:0, instance:scripts.TestLogin@4593ff34]" started-at="2023-02-08T17:02:20 IST" name="closeBrowser" finished-at="2023-02-08T17:02:20 IST" duration-ms="2" status="PASS">
          <params>
            <param index="0">
              <value>
                <![CDATA[[TestResult name=testMethod status=SUCCESS method=TestLogin.testMethod()[pri:0, instance:scripts.TestLogin@4593ff34] output={null}]]]>
              </value>
            </param>
          </params>
          <reporter-output>
          </reporter-output>
        </test-method> <!-- closeBrowser -->
        <test-method is-config="true" signature="publishReport()[pri:0, instance:scripts.TestLogin@4593ff34]" started-at="2023-02-08T17:02:20 IST" name="publishReport" finished-at="2023-02-08T17:02:21 IST" duration-ms="630" status="PASS">
          <reporter-output>
          </reporter-output>
        </test-method> <!-- publishReport -->
      </class> <!-- scripts.TestLogin -->
    </test> <!-- Default test -->
  </suite> <!-- Default suite -->
</testng-results>
